<?xml version="1.0" encoding="UTF-8"?>
<testng-results ignored="0" total="1" passed="1" failed="0" skipped="0">
  <reporter-output>
  </reporter-output>
  <suite started-at="2022-02-04T18:52:03 IST" name="Default suite" finished-at="2022-02-04T18:52:03 IST" duration-ms="102">
    <groups>
    </groups>
    <test started-at="2022-02-04T18:52:03 IST" name="Default test" finished-at="2022-02-04T18:52:03 IST" duration-ms="102">
      <class name="demo.TestNgDemoClass">
        <test-method signature="testCase()[pri:0, instance:demo.TestNgDemoClass@6bedbc4d]" started-at="2022-02-04T18:52:03 IST" name="testCase" finished-at="2022-02-04T18:52:03 IST" duration-ms="21" status="PASS">
          <reporter-output>
          </reporter-output>
        </test-method> <!-- testCase -->
      </class> <!-- demo.TestNgDemoClass -->
    </test> <!-- Default test -->
  </suite> <!-- Default suite -->
</testng-results>
